<?xml version='1.0' encoding='UTF-8'?>
<testsuite hostname="razor-dell-E6230" name="client.ClientSpec" tests="1" errors="0" failures="1" skipped="0" time="0.375">
                     <properties>
[...]
</properties>
                     <testcase classname="client.ClientSpec" name="Simple Check should run" time="0.375">
                                                 <failure message="Fatal error, cannot connect to Zk." type="java.lang.RuntimeException">java.lang.RuntimeException: Fatal error, cannot connect to Zk.
	at org.imdea.vcd.Socket.create(Socket.java:59)
	at org.telecomsudparis.smap.SMapServer.&lt;init&gt;(SMapServer.scala:28)
	at client.ClientSpec.$anonfun$new$1(ClientSpec.scala:10)
	at scala.runtime.java8.JFunction0$mcV$sp.apply(JFunction0$mcV$sp.java:12)
	at org.scalatest.OutcomeOf.outcomeOf(OutcomeOf.scala:85)
	at org.scalatest.OutcomeOf.outcomeOf$(OutcomeOf.scala:83)
	at org.scalatest.OutcomeOf$.outcomeOf(OutcomeOf.scala:104)
	at org.scalatest.Transformer.apply(Transformer.scala:22)
	at org.scalatest.Transformer.apply(Transformer.scala:20)
	at org.scalatest.FlatSpecLike$$anon$1.apply(FlatSpecLike.scala:1682)
	at org.scalatest.TestSuite.withFixture(TestSuite.scala:196)
	at org.scalatest.TestSuite.withFixture$(TestSuite.scala:195)
	at org.scalatest.FlatSpec.withFixture(FlatSpec.scala:1685)
	at org.scalatest.FlatSpecLike.invokeWithFixture$1(FlatSpecLike.scala:1680)
	at org.scalatest.FlatSpecLike.$anonfun$runTest$1(FlatSpecLike.scala:1692)
	at org.scalatest.SuperEngine.runTestImpl(Engine.scala:289)
	at org.scalatest.FlatSpecLike.runTest(FlatSpecLike.scala:1692)
	at org.scalatest.FlatSpecLike.runTest$(FlatSpecLike.scala:1674)
	at org.scalatest.FlatSpec.runTest(FlatSpec.scala:1685)
	at org.scalatest.FlatSpecLike.$anonfun$runTests$1(FlatSpecLike.scala:1750)
	at org.scalatest.SuperEngine.$anonfun$runTestsInBranch$1(Engine.scala:396)
	at scala.collection.immutable.List.foreach(List.scala:389)
	at org.scalatest.SuperEngine.traverseSubNodes$1(Engine.scala:384)
	at org.scalatest.SuperEngine.runTestsInBranch(Engine.scala:373)
	at org.scalatest.SuperEngine.$anonfun$runTestsInBranch$1(Engine.scala:410)
	at scala.collection.immutable.List.foreach(List.scala:389)
	at org.scalatest.SuperEngine.traverseSubNodes$1(Engine.scala:384)
	at org.scalatest.SuperEngine.runTestsInBranch(Engine.scala:379)
	at org.scalatest.SuperEngine.runTestsImpl(Engine.scala:461)
	at org.scalatest.FlatSpecLike.runTests(FlatSpecLike.scala:1750)
	at org.scalatest.FlatSpecLike.runTests$(FlatSpecLike.scala:1749)
	at org.scalatest.FlatSpec.runTests(FlatSpec.scala:1685)
	at org.scalatest.Suite.run(Suite.scala:1147)
	at org.scalatest.Suite.run$(Suite.scala:1129)
	at org.scalatest.FlatSpec.org$scalatest$FlatSpecLike$$super$run(FlatSpec.scala:1685)
	at org.scalatest.FlatSpecLike.$anonfun$run$1(FlatSpecLike.scala:1795)
	at org.scalatest.SuperEngine.runImpl(Engine.scala:521)
	at org.scalatest.FlatSpecLike.run(FlatSpecLike.scala:1795)
	at org.scalatest.FlatSpecLike.run$(FlatSpecLike.scala:1793)
	at org.scalatest.FlatSpec.run(FlatSpec.scala:1685)
	at org.scalatest.tools.Framework.org$scalatest$tools$Framework$$runSuite(Framework.scala:314)
	at org.scalatest.tools.Framework$ScalaTestTask.execute(Framework.scala:507)
	at sbt.TestRunner.runTest$1(TestFramework.scala:102)
	at sbt.TestRunner.run(TestFramework.scala:113)
	at sbt.TestFramework$$anon$2$$anonfun$$lessinit$greater$1.$anonfun$apply$1(TestFramework.scala:258)
	at sbt.TestFramework$.sbt$TestFramework$$withContextLoader(TestFramework.scala:229)
	at sbt.TestFramework$$anon$2$$anonfun$$lessinit$greater$1.apply(TestFramework.scala:258)
	at sbt.TestFramework$$anon$2$$anonfun$$lessinit$greater$1.apply(TestFramework.scala:258)
	at sbt.TestFunction.apply(TestFramework.scala:267)
	at sbt.Tests$.$anonfun$toTask$1(Tests.scala:277)
	at sbt.std.Transform$$anon$3.$anonfun$apply$2(System.scala:44)
	at sbt.std.Transform$$anon$4.work(System.scala:64)
	at sbt.Execute.$anonfun$submit$2(Execute.scala:257)
	at sbt.internal.util.ErrorHandling$.wideConvert(ErrorHandling.scala:16)
	at sbt.Execute.work(Execute.scala:266)
	at sbt.Execute.$anonfun$submit$1(Execute.scala:257)
	at sbt.ConcurrentRestrictions$$anon$4.$anonfun$submitValid$1(ConcurrentRestrictions.scala:167)
	at sbt.CompletionService$$anon$2.call(CompletionService.scala:32)
	at java.base/java.util.concurrent.FutureTask.run(FutureTask.java:264)
	at java.base/java.util.concurrent.Executors$RunnableAdapter.call(Executors.java:514)
	at java.base/java.util.concurrent.FutureTask.run(FutureTask.java:264)
	at java.base/java.util.concurrent.ThreadPoolExecutor.runWorker(ThreadPoolExecutor.java:1167)
	at java.base/java.util.concurrent.ThreadPoolExecutor$Worker.run(ThreadPoolExecutor.java:641)
	at java.base/java.lang.Thread.run(Thread.java:844)
</failure>
                                               </testcase>
                     <system-out><![CDATA[]]></system-out>
                     <system-err><![CDATA[]]></system-err>
                   </testsuite>