<?xml version='1.0' encoding='UTF-8'?>
<testsuite hostname="razor-dell-E6230" name="client.ClientSpec" tests="1" errors="0" failures="0" skipped="0" time="1.232">
                     <properties>
[...]
</properties>
                     <testcase classname="client.ClientSpec" name="Simple Check should run" time="1.232">
                                                 
                                               </testcase>
                     <system-out><![CDATA[]]></system-out>
                     <system-err><![CDATA[]]></system-err>
                   </testsuite>